<?xml version="1.0" encoding="UTF-8"?>
<testsuite xmlns:xsi="http://www.w3.org/2001/XMLSchema-instance" xsi:noNamespaceSchemaLocation="https://maven.apache.org/surefire/maven-surefire-plugin/xsd/surefire-test-report.xsd" name="TestSuite" time="64.34" tests="6" errors="0" skipped="0" failures="0">
  <properties>
[...]
</properties>
  <testcase name="validateUserLogin" classname="com.sauce.demo.browserproject.ValidateLogin" time="4.867"/>
  <testcase name="addProductToCart" classname="com.sauce.demo.browserproject.ValidateProducts" time="3.958"/>
  <testcase name="validateCartItems" classname="com.sauce.demo.browserproject.ValidateShoppingCart" time="4.492"/>
  <testcase name="validateCheckoutInfo" classname="com.sauce.demo.browserproject.ValidateCheckoutInformation" time="4.036"/>
  <testcase name="validateCheckoutOverview" classname="com.sauce.demo.browserproject.ValidateCheckoutOverview" time="5.964"/>
  <testcase name="validateCheckoutComplete" classname="com.sauce.demo.browserproject.ValidateCheckoutComplete" time="6.525"/>
</testsuite>