<?xml version="1.0" encoding="UTF-8"?>
<testng-results ignored="0" total="6" passed="6" failed="0" skipped="0">
  <reporter-output>
  </reporter-output>
  <suite started-at="2022-05-24T01:20:40Z" name="Suite" finished-at="2022-05-24T01:21:38Z" duration-ms="58340">
    <groups>
    </groups>
    <test started-at="2022-05-24T01:20:40Z" name="Validate login" finished-at="2022-05-24T01:20:59Z" duration-ms="18495">
      <class name="com.sauce.demo.browserproject.ValidateLogin">
        <test-method is-config="true" signature="initialize()[pri:0, instance:com.sauce.demo.browserproject.ValidateLogin@28d6290]" started-at="2022-05-24T01:20:40Z" name="initialize" finished-at="2022-05-24T01:20:52Z" duration-ms="11840" status="PASS">
          <reporter-output>
          </reporter-output>
        </test-method> <!-- initialize -->
        <test-method signature="validateUserLogin(java.lang.String, java.lang.String)[pri:0, instance:com.sauce.demo.browserproject.ValidateLogin@28d6290]" started-at="2022-05-24T01:20:52Z" name="validateUserLogin" data-provider="getData" finished-at="2022-05-24T01:20:58Z" duration-ms="5812" status="PASS">
          <params>
            <param index="0">
              <value>
                <![CDATA[standard_user]]>
              </value>
            </param>
            <param index="1">
              <value>
                <![CDATA[secret_sauce]]>
              </value>
            </param>
          </params>
          <reporter-output>
          </reporter-output>
        </test-method> <!-- validateUserLogin -->
        <test-method is-config="true" signature="teardown()[pri:0, instance:com.sauce.demo.browserproject.ValidateLogin@28d6290]" started-at="2022-05-24T01:20:58Z" name="teardown" finished-at="2022-05-24T01:20:59Z" duration-ms="420" status="PASS">
          <reporter-output>
          </reporter-output>
        </test-method> <!-- teardown -->
      </class> <!-- com.sauce.demo.browserproject.ValidateLogin -->
    </test> <!-- Validate login -->
    <test started-at="2022-05-24T01:21:00Z" name="Validate Products Listing and add to cart" finished-at="2022-05-24T01:21:07Z" duration-ms="7624">
      <class name="com.sauce.demo.browserproject.ValidateProducts">
        <test-method is-config="true" signature="initialize()[pri:0, instance:com.sauce.demo.browserproject.ValidateProducts@59d2103b]" started-at="2022-05-24T01:21:00Z" name="initialize" finished-at="2022-05-24T01:21:01Z" duration-ms="1784" status="PASS">
          <reporter-output>
          </reporter-output>
        </test-method> <!-- initialize -->
        <test-method signature="addProductToCart(java.lang.String, java.lang.String)[pri:0, instance:com.sauce.demo.browserproject.ValidateProducts@59d2103b]" started-at="2022-05-24T01:21:01Z" name="addProductToCart" data-provider="getData" finished-at="2022-05-24T01:21:07Z" duration-ms="5730" status="PASS">
          <params>
            <param index="0">
              <value>
                <![CDATA[standard_user]]>
              </value>
            </param>
            <param index="1">
              <value>
                <![CDATA[secret_sauce]]>
              </value>
            </param>
          </params>
          <reporter-output>
          </reporter-output>
        </test-method> <!-- addProductToCart -->
        <test-method is-config="true" signature="teardown()[pri:0, instance:com.sauce.demo.browserproject.ValidateProducts@59d2103b]" started-at="2022-05-24T01:21:07Z" name="teardown" finished-at="2022-05-24T01:21:07Z" duration-ms="106" status="PASS">
          <reporter-output>
          </reporter-output>
        </test-method> <!-- teardown -->
      </class> <!-- com.sauce.demo.browserproject.ValidateProducts -->
    </test> <!-- Validate Products Listing and add to cart -->
    <test started-at="2022-05-24T01:21:07Z" name="Validate shopping cart" finished-at="2022-05-24T01:21:14Z" duration-ms="6321">
      <class name="com.sauce.demo.browserproject.ValidateShoppingCart">
        <test-method is-config="true" signature="initialize()[pri:0, instance:com.sauce.demo.browserproject.ValidateShoppingCart@10650953]" started-at="2022-05-24T01:21:07Z" name="initialize" finished-at="2022-05-24T01:21:09Z" duration-ms="1970" status="PASS">
          <reporter-output>
          </reporter-output>
        </test-method> <!-- initialize -->
        <test-method signature="validateCartItems(java.lang.String, java.lang.String)[pri:0, instance:com.sauce.demo.browserproject.ValidateShoppingCart@10650953]" started-at="2022-05-24T01:21:09Z" name="validateCartItems" data-provider="getData" finished-at="2022-05-24T01:21:14Z" duration-ms="4133" status="PASS">
          <params>
            <param index="0">
              <value>
                <![CDATA[standard_user]]>
              </value>
            </param>
            <param index="1">
              <value>
                <![CDATA[secret_sauce]]>
              </value>
            </param>
          </params>
          <reporter-output>
          </reporter-output>
        </test-method> <!-- validateCartItems -->
        <test-method is-config="true" signature="teardown()[pri:0, instance:com.sauce.demo.browserproject.ValidateShoppingCart@10650953]" started-at="2022-05-24T01:21:14Z" name="teardown" finished-at="2022-05-24T01:21:14Z" duration-ms="211" status="PASS">
          <reporter-output>
          </reporter-output>
        </test-method> <!-- teardown -->
      </class> <!-- com.sauce.demo.browserproject.ValidateShoppingCart -->
    </test> <!-- Validate shopping cart -->
    <test started-at="2022-05-24T01:21:14Z" name="Validate checkout information" finished-at="2022-05-24T01:21:21Z" duration-ms="7442">
      <class name="com.sauce.demo.browserproject.ValidateCheckoutInformation">
        <test-method is-config="true" signature="initialize()[pri:0, instance:com.sauce.demo.browserproject.ValidateCheckoutInformation@f74e835]" started-at="2022-05-24T01:21:14Z" name="initialize" finished-at="2022-05-24T01:21:15Z" duration-ms="1571" status="PASS">
          <reporter-output>
          </reporter-output>
        </test-method> <!-- initialize -->
        <test-method signature="validateCheckoutInfo(java.lang.String, java.lang.String, java.lang.String, java.lang.String, java.lang.String)[pri:0, instance:com.sauce.demo.browserproject.ValidateCheckoutInformation@f74e835]" started-at="2022-05-24T01:21:15Z" name="validateCheckoutInfo" data-provider="getData" finished-at="2022-05-24T01:21:21Z" duration-ms="5586" status="PASS">
          <params>
            <param index="0">
              <value>
                <![CDATA[standard_user]]>
              </value>
            </param>
            <param index="1">
              <value>
                <![CDATA[secret_sauce]]>
              </value>
            </param>
            <param index="2">
              <value>
                <![CDATA[Sam]]>
              </value>
            </param>
            <param index="3">
              <value>
                <![CDATA[Billings]]>
              </value>
            </param>
            <param index="4">
              <value>
                <![CDATA[75039]]>
              </value>
            </param>
          </params>
          <reporter-output>
          </reporter-output>
        </test-method> <!-- validateCheckoutInfo -->
        <test-method is-config="true" signature="teardown()[pri:0, instance:com.sauce.demo.browserproject.ValidateCheckoutInformation@f74e835]" started-at="2022-05-24T01:21:21Z" name="teardown" finished-at="2022-05-24T01:21:21Z" duration-ms="275" status="PASS">
          <reporter-output>
          </reporter-output>
        </test-method> <!-- teardown -->
      </class> <!-- com.sauce.demo.browserproject.ValidateCheckoutInformation -->
    </test> <!-- Validate checkout information -->
    <test started-at="2022-05-24T01:21:21Z" name="Validate checkout overview" finished-at="2022-05-24T01:21:29Z" duration-ms="7473">
      <class name="com.sauce.demo.browserproject.ValidateCheckoutOverview">
        <test-method is-config="true" signature="initialize()[pri:0, instance:com.sauce.demo.browserproject.ValidateCheckoutOverview@7c7d3c46]" started-at="2022-05-24T01:21:21Z" name="initialize" finished-at="2022-05-24T01:21:23Z" duration-ms="1878" status="PASS">
          <reporter-output>
          </reporter-output>
        </test-method> <!-- initialize -->
        <test-method signature="validateCheckoutOverview(java.lang.String, java.lang.String, java.lang.String, java.lang.String, java.lang.String)[pri:0, instance:com.sauce.demo.browserproject.ValidateCheckoutOverview@7c7d3c46]" started-at="2022-05-24T01:21:23Z" name="validateCheckoutOverview" data-provider="getData" finished-at="2022-05-24T01:21:29Z" duration-ms="5395" status="PASS">
          <params>
            <param index="0">
              <value>
                <![CDATA[standard_user]]>
              </value>
            </param>
            <param index="1">
              <value>
                <![CDATA[secret_sauce]]>
              </value>
            </param>
            <param index="2">
              <value>
                <![CDATA[Sam]]>
              </value>
            </param>
            <param index="3">
              <value>
                <![CDATA[Billings]]>
              </value>
            </param>
            <param index="4">
              <value>
                <![CDATA[75039]]>
              </value>
            </param>
          </params>
          <reporter-output>
          </reporter-output>
        </test-method> <!-- validateCheckoutOverview -->
        <test-method is-config="true" signature="teardown()[pri:0, instance:com.sauce.demo.browserproject.ValidateCheckoutOverview@7c7d3c46]" started-at="2022-05-24T01:21:29Z" name="teardown" finished-at="2022-05-24T01:21:29Z" duration-ms="194" status="PASS">
          <reporter-output>
          </reporter-output>
        </test-method> <!-- teardown -->
      </class> <!-- com.sauce.demo.browserproject.ValidateCheckoutOverview -->
    </test> <!-- Validate checkout overview -->
    <test started-at="2022-05-24T01:21:29Z" name="Validate checkout confirmation" finished-at="2022-05-24T01:21:38Z" duration-ms="9510">
      <class name="com.sauce.demo.browserproject.ValidateCheckoutComplete">
        <test-method is-config="true" signature="initialize()[pri:0, instance:com.sauce.demo.browserproject.ValidateCheckoutComplete@3a94964]" started-at="2022-05-24T01:21:29Z" name="initialize" finished-at="2022-05-24T01:21:31Z" duration-ms="2348" status="PASS">
          <reporter-output>
          </reporter-output>
        </test-method> <!-- initialize -->
        <test-method signature="validateCheckoutComplete(java.lang.String, java.lang.String, java.lang.String, java.lang.String, java.lang.String)[pri:0, instance:com.sauce.demo.browserproject.ValidateCheckoutComplete@3a94964]" started-at="2022-05-24T01:21:31Z" name="validateCheckoutComplete" data-provider="getData" finished-at="2022-05-24T01:21:38Z" duration-ms="7051" status="PASS">
          <params>
            <param index="0">
              <value>
                <![CDATA[standard_user]]>
              </value>
            </param>
            <param index="1">
              <value>
                <![CDATA[secret_sauce]]>
              </value>
            </param>
            <param index="2">
              <value>
                <![CDATA[Sam]]>
              </value>
            </param>
            <param index="3">
              <value>
                <![CDATA[Billings]]>
              </value>
            </param>
            <param index="4">
              <value>
                <![CDATA[75039]]>
              </value>
            </param>
          </params>
          <reporter-output>
          </reporter-output>
        </test-method> <!-- validateCheckoutComplete -->
        <test-method is-config="true" signature="teardown()[pri:0, instance:com.sauce.demo.browserproject.ValidateCheckoutComplete@3a94964]" started-at="2022-05-24T01:21:38Z" name="teardown" finished-at="2022-05-24T01:21:38Z" duration-ms="106" status="PASS">
          <reporter-output>
          </reporter-output>
        </test-method> <!-- teardown -->
      </class> <!-- com.sauce.demo.browserproject.ValidateCheckoutComplete -->
    </test> <!-- Validate checkout confirmation -->
  </suite> <!-- Suite -->
</testng-results>
